[    2684ms] [INFO] %cDownload the React DevTools for a better development experience: https://react.dev/link/react-devtools font-weight:bold @ http://localhost:3001/_next/static/chunks/node_modules_next_dist_1ybzpk2._.js:2477
[    2792ms] [LOG] [HMR] connected @ http://localhost:3001/_next/static/chunks/node_modules_next_dist_1ybzpk2._.js:2477
[    2803ms] [WARNING] %c%s%c ⚠ metadataBase property in metadata export is not set for resolving social open graph or twitter images, using "http://localhost:3001". See https://nextjs.org/docs/app/api-reference/functions/generate-metadata#metadatabase background: #e6e6e6;background: light-dark(rgba(0,0,0,0.1), rgba(255,255,255,0.25));color: #000000;color: light-dark(#000000, #ffffff);border-radius: 2px  Server   @ http://localhost:3001/_next/static/chunks/node_modules_next_dist_1ybzpk2._.js:2477
[  378351ms] [LOG] [Fast Refresh] rebuilding @ http://localhost:3001/_next/static/chunks/node_modules_next_dist_1ybzpk2._.js:2477
[  378533ms] [LOG] [Fast Refresh] done in 263ms @ http://localhost:3001/_next/static/chunks/node_modules_next_dist_1ybzpk2._.js:2477
[  378739ms] [ERROR] Failed to load resource: net::ERR_EMPTY_RESPONSE @ http://localhost:3001/_next/static/chunks/src_app_globals_162hn9o.css:0
[  378762ms] undefined
[  378855ms] [ERROR] Failed to load resource: net::ERR_CONNECTION_REFUSED @ http://localhost:3001/__nextjs_font/geist-latin.woff2:0
[  378855ms] [ERROR] WebSocket is already in CLOSING or CLOSED state. @ http://localhost:3001/_next/static/chunks/node_modules_next_dist_1ybzpk2._.js:2836
[  378874ms] [ERROR] Failed to load resource: net::ERR_CONNECTION_REFUSED @ http://localhost:3001/__nextjs_original-stack-frames:0
[  379743ms] [ERROR] WebSocket connection to 'ws://localhost:3001/_next/webpack-hmr?id=pVmGSb-_FG4gVKQtlTezE' failed: Error in connection establishment: net::ERR_CONNECTION_REFUSED @ http://localhost:3001/_next/static/chunks/node_modules_next_dist_client_0r5nbpw._.js:13422
[  380749ms] [ERROR] WebSocket connection to 'ws://localhost:3001/_next/webpack-hmr?id=pVmGSb-_FG4gVKQtlTezE' failed: Error in connection establishment: net::ERR_CONNECTION_REFUSED @ http://localhost:3001/_next/static/chunks/node_modules_next_dist_client_0r5nbpw._.js:13422
[  381754ms] [ERROR] WebSocket connection to 'ws://localhost:3001/_next/webpack-hmr?id=pVmGSb-_FG4gVKQtlTezE' failed: Error in connection establishment: net::ERR_CONNECTION_REFUSED @ http://localhost:3001/_next/static/chunks/node_modules_next_dist_client_0r5nbpw._.js:13422
[  382757ms] [ERROR] WebSocket connection to 'ws://localhost:3001/_next/webpack-hmr?id=pVmGSb-_FG4gVKQtlTezE' failed: Error in connection establishment: net::ERR_CONNECTION_REFUSED @ http://localhost:3001/_next/static/chunks/node_modules_next_dist_client_0r5nbpw._.js:13422
[  383763ms] [ERROR] WebSocket connection to 'ws://localhost:3001/_next/webpack-hmr?id=pVmGSb-_FG4gVKQtlTezE' failed: Error in connection establishment: net::ERR_CONNECTION_REFUSED @ http://localhost:3001/_next/static/chunks/node_modules_next_dist_client_0r5nbpw._.js:13422
[  388778ms] [ERROR] WebSocket connection to 'ws://localhost:3001/_next/webpack-hmr?id=pVmGSb-_FG4gVKQtlTezE' failed: Error in connection establishment: net::ERR_CONNECTION_REFUSED @ http://localhost:3001/_next/static/chunks/node_modules_next_dist_client_0r5nbpw._.js:13422
[  393792ms] [ERROR] WebSocket connection to 'ws://localhost:3001/_next/webpack-hmr?id=pVmGSb-_FG4gVKQtlTezE' failed: Error in connection establishment: net::ERR_CONNECTION_REFUSED @ http://localhost:3001/_next/static/chunks/node_modules_next_dist_client_0r5nbpw._.js:13422
[  398817ms] [ERROR] WebSocket connection to 'ws://localhost:3001/_next/webpack-hmr?id=pVmGSb-_FG4gVKQtlTezE' failed: Error in connection establishment: net::ERR_CONNECTION_REFUSED @ http://localhost:3001/_next/static/chunks/node_modules_next_dist_client_0r5nbpw._.js:13422
[  403842ms] [ERROR] WebSocket connection to 'ws://localhost:3001/_next/webpack-hmr?id=pVmGSb-_FG4gVKQtlTezE' failed: Error in connection establishment: net::ERR_CONNECTION_REFUSED @ http://localhost:3001/_next/static/chunks/node_modules_next_dist_client_0r5nbpw._.js:13422
[  408904ms] [ERROR] WebSocket connection to 'ws://localhost:3001/_next/webpack-hmr?id=pVmGSb-_FG4gVKQtlTezE' failed: Error in connection establishment: net::ERR_CONNECTION_REFUSED @ http://localhost:3001/_next/static/chunks/node_modules_next_dist_client_0r5nbpw._.js:13422
[  414027ms] [ERROR] WebSocket connection to 'ws://localhost:3001/_next/webpack-hmr?id=pVmGSb-_FG4gVKQtlTezE' failed: Error in connection establishment: net::ERR_CONNECTION_REFUSED @ http://localhost:3001/_next/static/chunks/node_modules_next_dist_client_0r5nbpw._.js:13422
[  419256ms] [ERROR] WebSocket connection to 'ws://localhost:3001/_next/webpack-hmr?id=pVmGSb-_FG4gVKQtlTezE' failed: Error in connection establishment: net::ERR_CONNECTION_REFUSED @ http://localhost:3001/_next/static/chunks/node_modules_next_dist_client_0r5nbpw._.js:13422
[  457297ms] [ERROR] Failed to load resource: the server responded with a status of 500 (Internal Server Error) @ http://localhost:3001/:0
[  458055ms] [INFO] %cDownload the React DevTools for a better development experience: https://react.dev/link/react-devtools font-weight:bold @ http://localhost:3001/_next/static/chunks/node_modules_react-dom_0kla17-._.js:15305
[  458153ms] Error: ./src/app/globals.css:211:8
Parsing CSS source code failed
  209 |   }
  210 | }
> 211 | @import url('https://fonts.googleapis.com/css2?family=Outfit:wght@300;400;500;600;700;800...
      |        ^
  212 | :root {
  213 |   --bg: #07050f;
  214 |   --bg-card: rgba(255, 255, 255, 0.04);

@import rules must precede all rules aside from @charset and @layer statements

Generated code of PostCSS transform of file content of src/app/globals.css:
./src/app/globals.css:211:8
  209 |   }
  210 | }
> 211 | @import url('https://fonts.googleapis.com/css2?family=Outfit:wght@300;400;500;600;700;800...
      |        ^
  212 | :root {
  213 |   --bg: #07050f;
  214 |   --bg-card: rgba(255, 255, 255, 0.04);

Import trace:
  Client Component Browser:
    ./src/app/globals.css [Client Component Browser]
    ./src/app/layout.tsx [Server Component]


    at <unknown> (Error: ./src/app/globals.css:211:8)
    at <unknown> (./src/app/globals.css:211:8)
    at Object.getCompilationErrors (file:///Users/chiefo/Desktop/catgen/node_modules/next/dist/server/dev/hot-reloader-turbopack.js:1186:59)
    at DevBundlerService.getCompilationError (file:///Users/chiefo/Desktop/catgen/node_modules/next/dist/server/lib/dev-bundler-service.js:44:55)
    at DevServer.getCompilationError (file:///Users/chiefo/Desktop/catgen/node_modules/next/dist/server/dev/next-dev-server.js:720:42)
    at DevServer.findPageComponents (file:///Users/chiefo/Desktop/catgen/node_modules/next/dist/server/dev/next-dev-server.js:690:43)
    at async DevServer.renderErrorToResponseImpl (file:///Users/chiefo/Desktop/catgen/node_modules/next/dist/server/base-server.js:1753:26)
[  458133ms] [LOG] [HMR] connected @ http://localhost:3001/_next/static/chunks/node_modules_next_dist_1gdrd03._.js:1226
[  458269ms] [ERROR] ./src/app/globals.css:211:8
Parsing CSS source code failed
  209 |   }
  210 | }
> 211 | @import url('https://fonts.googleapis.com/css2?family=Outfit:wght@300;400;500;600;700;800...
      |        ^
  212 | :root {
  213 |   --bg: #07050f;
  214 |   --bg-card: rgba(255, 255, 255, 0.04);

@import rules must precede all rules aside from @charset and @layer statements

Generated code of PostCSS transform of file content of src/app/globals.css:
./src/app/globals.css:211:8
  209 |   }
  210 | }
> 211 | @import url('https://fonts.googleapis.com/css2?family=Outfit:wght@300;400;500;600;700;800...
      |        ^
  212 | :root {
  213 |   --bg: #07050f;
  214 |   --bg-card: rgba(255, 255, 255, 0.04);

Import trace:
  Client Component Browser:
    ./src/app/globals.css [Client Component Browser]
    ./src/app/layout.tsx [Server Component] @ http://localhost:3001/_next/static/chunks/node_modules_next_dist_1gdrd03._.js:1945
[  458313ms] [ERROR] ./src/app/globals.css:211:8
Parsing CSS source code failed
  209 |   }
  210 | }
> 211 | @import url('https://fonts.googleapis.com/css2?family=Outfit:wght@300;400;500;600;700;800...
      |        ^
  212 | :root {
  213 |   --bg: #07050f;
  214 |   --bg-card: rgba(255, 255, 255, 0.04);

@import rules must precede all rules aside from @charset and @layer statements

Generated code of PostCSS transform of file content of src/app/globals.css:
./src/app/globals.css:211:8
  209 |   }
  210 | }
> 211 | @import url('https://fonts.googleapis.com/css2?family=Outfit:wght@300;400;500;600;700;800...
      |        ^
  212 | :root {
  213 |   --bg: #07050f;
  214 |   --bg-card: rgba(255, 255, 255, 0.04);

Import trace:
  Client Component Browser:
    ./src/app/globals.css [Client Component Browser]
    ./src/app/layout.tsx [Server Component] @ http://localhost:3001/_next/static/chunks/node_modules_next_dist_1gdrd03._.js:1945
[  458376ms] [LOG] [Fast Refresh] rebuilding @ http://localhost:3001/_next/static/chunks/node_modules_next_dist_1gdrd03._.js:1226
[  459043ms] [ERROR] ./src/app/globals.css:211:8
Parsing CSS source code failed
  209 |   }
  210 | }
> 211 | @import url('https://fonts.googleapis.com/css2?family=Outfit:wght@300;400;500;600;700;800...
      |        ^
  212 | :root {
  213 |   --bg: #07050f;
  214 |   --bg-card: rgba(255, 255, 255, 0.04);

@import rules must precede all rules aside from @charset and @layer statements

Generated code of PostCSS transform of file content of src/app/globals.css:
./src/app/globals.css:211:8
  209 |   }
  210 | }
> 211 | @import url('https://fonts.googleapis.com/css2?family=Outfit:wght@300;400;500;600;700;800...
      |        ^
  212 | :root {
  213 |   --bg: #07050f;
  214 |   --bg-card: rgba(255, 255, 255, 0.04);

Import trace:
  Client Component Browser:
    ./src/app/globals.css [Client Component Browser]
    ./src/app/layout.tsx [Server Component] @ http://localhost:3001/_next/static/chunks/node_modules_next_dist_1gdrd03._.js:1945
[  516136ms] [LOG] [Fast Refresh] rebuilding @ http://localhost:3001/_next/static/chunks/node_modules_next_dist_1gdrd03._.js:1226
[  516524ms] [LOG] [Fast Refresh] done in 168ms @ http://localhost:3001/_next/static/chunks/node_modules_next_dist_1gdrd03._.js:1226
[  517421ms] [INFO] %cDownload the React DevTools for a better development experience: https://react.dev/link/react-devtools font-weight:bold @ http://localhost:3001/_next/static/chunks/node_modules_next_dist_1ybzpk2._.js:2477
[  517490ms] [LOG] [HMR] connected @ http://localhost:3001/_next/static/chunks/node_modules_next_dist_1ybzpk2._.js:2477
[  517495ms] [WARNING] %c%s%c ⚠ metadataBase property in metadata export is not set for resolving social open graph or twitter images, using "http://localhost:3001". See https://nextjs.org/docs/app/api-reference/functions/generate-metadata#metadatabase background: #e6e6e6;background: light-dark(rgba(0,0,0,0.1), rgba(255,255,255,0.25));color: #000000;color: light-dark(#000000, #ffffff);border-radius: 2px  Server   @ http://localhost:3001/_next/static/chunks/node_modules_next_dist_1ybzpk2._.js:2477
[  558313ms] [LOG] [Fast Refresh] rebuilding @ http://localhost:3001/_next/static/chunks/node_modules_next_dist_1ybzpk2._.js:2477
[  558475ms] [LOG] [Fast Refresh] done in 268ms @ http://localhost:3001/_next/static/chunks/node_modules_next_dist_1ybzpk2._.js:2477
[  587060ms] [LOG] [Fast Refresh] rebuilding @ http://localhost:3001/_next/static/chunks/node_modules_next_dist_1ybzpk2._.js:2477
[  589451ms] [LOG] [Fast Refresh] done in 2491ms @ http://localhost:3001/_next/static/chunks/node_modules_next_dist_1ybzpk2._.js:2477
[  590173ms] [INFO] %cDownload the React DevTools for a better development experience: https://react.dev/link/react-devtools font-weight:bold @ http://localhost:3001/_next/static/chunks/node_modules_next_dist_1ybzpk2._.js:2477
[  590238ms] [LOG] [HMR] connected @ http://localhost:3001/_next/static/chunks/node_modules_next_dist_1ybzpk2._.js:2477
[  607278ms] [LOG] [Fast Refresh] rebuilding @ http://localhost:3001/_next/static/chunks/node_modules_next_dist_1ybzpk2._.js:2477
[  608412ms] [LOG] [Fast Refresh] done in 1207ms @ http://localhost:3001/_next/static/chunks/node_modules_next_dist_1ybzpk2._.js:2477
